Copyright 1986-2016 Xilinx, Inc. All Rights Reserved.
-------------------------------------------------------------------------------------------------------------------------
| Tool Version : Vivado v.2016.4 (win64) Build 1756540 Mon Jan 23 19:11:23 MST 2017
| Date         : Tue May 09 03:08:19 2017
| Host         : DESKTOP-9O2OAFS running 64-bit major release  (build 9200)
| Command      : report_methodology -file TopModule_methodology_drc_routed.rpt -rpx TopModule_methodology_drc_routed.rpx
| Design       : TopModule
| Device       : xc7a35tcpg236-1
| Speed File   : -1
| Design State : Routed
-------------------------------------------------------------------------------------------------------------------------

Report Methodology

Table of Contents
-----------------
1. REPORT SUMMARY
2. REPORT DETAILS

1. REPORT SUMMARY
-----------------
            Netlist: netlist
          Floorplan: design_1
      Design limits: <entire design considered>
             Max violations: <unlimited>
             Violations found: 305
+-----------+----------+-------------------------------+------------+
| Rule      | Severity | Description                   | Violations |
+-----------+----------+-------------------------------+------------+
| TIMING-17 | Warning  | Non-clocked sequential cell   | 54         |
| TIMING-18 | Warning  | Missing input or output delay | 19         |
| TIMING-20 | Warning  | Non-clocked latch             | 232        |
+-----------+----------+-------------------------------+------------+

2. REPORT DETAILS
-----------------
TIMING-17#1 Warning
Non-clocked sequential cell  
The clock pin led/a_reg[0]/C is not reached by a timing clock
Related violations: <none>

TIMING-17#2 Warning
Non-clocked sequential cell  
The clock pin led/a_reg[1]/C is not reached by a timing clock
Related violations: <none>

TIMING-17#3 Warning
Non-clocked sequential cell  
The clock pin led/a_reg[2]/C is not reached by a timing clock
Related violations: <none>

TIMING-17#4 Warning
Non-clocked sequential cell  
The clock pin led/divider/i_reg[0]/C is not reached by a timing clock
Related violations: <none>

TIMING-17#5 Warning
Non-clocked sequential cell  
The clock pin led/divider/i_reg[10]/C is not reached by a timing clock
Related violations: <none>

TIMING-17#6 Warning
Non-clocked sequential cell  
The clock pin led/divider/i_reg[11]/C is not reached by a timing clock
Related violations: <none>

TIMING-17#7 Warning
Non-clocked sequential cell  
The clock pin led/divider/i_reg[12]/C is not reached by a timing clock
Related violations: <none>

TIMING-17#8 Warning
Non-clocked sequential cell  
The clock pin led/divider/i_reg[13]/C is not reached by a timing clock
Related violations: <none>

TIMING-17#9 Warning
Non-clocked sequential cell  
The clock pin led/divider/i_reg[14]/C is not reached by a timing clock
Related violations: <none>

TIMING-17#10 Warning
Non-clocked sequential cell  
The clock pin led/divider/i_reg[15]/C is not reached by a timing clock
Related violations: <none>

TIMING-17#11 Warning
Non-clocked sequential cell  
The clock pin led/divider/i_reg[16]/C is not reached by a timing clock
Related violations: <none>

TIMING-17#12 Warning
Non-clocked sequential cell  
The clock pin led/divider/i_reg[17]/C is not reached by a timing clock
Related violations: <none>

TIMING-17#13 Warning
Non-clocked sequential cell  
The clock pin led/divider/i_reg[18]/C is not reached by a timing clock
Related violations: <none>

TIMING-17#14 Warning
Non-clocked sequential cell  
The clock pin led/divider/i_reg[19]/C is not reached by a timing clock
Related violations: <none>

TIMING-17#15 Warning
Non-clocked sequential cell  
The clock pin led/divider/i_reg[1]/C is not reached by a timing clock
Related violations: <none>

TIMING-17#16 Warning
Non-clocked sequential cell  
The clock pin led/divider/i_reg[20]/C is not reached by a timing clock
Related violations: <none>

TIMING-17#17 Warning
Non-clocked sequential cell  
The clock pin led/divider/i_reg[21]/C is not reached by a timing clock
Related violations: <none>

TIMING-17#18 Warning
Non-clocked sequential cell  
The clock pin led/divider/i_reg[22]/C is not reached by a timing clock
Related violations: <none>

TIMING-17#19 Warning
Non-clocked sequential cell  
The clock pin led/divider/i_reg[23]/C is not reached by a timing clock
Related violations: <none>

TIMING-17#20 Warning
Non-clocked sequential cell  
The clock pin led/divider/i_reg[24]/C is not reached by a timing clock
Related violations: <none>

TIMING-17#21 Warning
Non-clocked sequential cell  
The clock pin led/divider/i_reg[25]/C is not reached by a timing clock
Related violations: <none>

TIMING-17#22 Warning
Non-clocked sequential cell  
The clock pin led/divider/i_reg[26]/C is not reached by a timing clock
Related violations: <none>

TIMING-17#23 Warning
Non-clocked sequential cell  
The clock pin led/divider/i_reg[27]/C is not reached by a timing clock
Related violations: <none>

TIMING-17#24 Warning
Non-clocked sequential cell  
The clock pin led/divider/i_reg[28]/C is not reached by a timing clock
Related violations: <none>

TIMING-17#25 Warning
Non-clocked sequential cell  
The clock pin led/divider/i_reg[29]/C is not reached by a timing clock
Related violations: <none>

TIMING-17#26 Warning
Non-clocked sequential cell  
The clock pin led/divider/i_reg[2]/C is not reached by a timing clock
Related violations: <none>

TIMING-17#27 Warning
Non-clocked sequential cell  
The clock pin led/divider/i_reg[30]/C is not reached by a timing clock
Related violations: <none>

TIMING-17#28 Warning
Non-clocked sequential cell  
The clock pin led/divider/i_reg[31]/C is not reached by a timing clock
Related violations: <none>

TIMING-17#29 Warning
Non-clocked sequential cell  
The clock pin led/divider/i_reg[3]/C is not reached by a timing clock
Related violations: <none>

TIMING-17#30 Warning
Non-clocked sequential cell  
The clock pin led/divider/i_reg[4]/C is not reached by a timing clock
Related violations: <none>

TIMING-17#31 Warning
Non-clocked sequential cell  
The clock pin led/divider/i_reg[5]/C is not reached by a timing clock
Related violations: <none>

TIMING-17#32 Warning
Non-clocked sequential cell  
The clock pin led/divider/i_reg[6]/C is not reached by a timing clock
Related violations: <none>

TIMING-17#33 Warning
Non-clocked sequential cell  
The clock pin led/divider/i_reg[7]/C is not reached by a timing clock
Related violations: <none>

TIMING-17#34 Warning
Non-clocked sequential cell  
The clock pin led/divider/i_reg[8]/C is not reached by a timing clock
Related violations: <none>

TIMING-17#35 Warning
Non-clocked sequential cell  
The clock pin led/divider/i_reg[9]/C is not reached by a timing clock
Related violations: <none>

TIMING-17#36 Warning
Non-clocked sequential cell  
The clock pin led/divider/oe_reg/C is not reached by a timing clock
Related violations: <none>

TIMING-17#37 Warning
Non-clocked sequential cell  
The clock pin led/ds_reg/C is not reached by a timing clock
Related violations: <none>

TIMING-17#38 Warning
Non-clocked sequential cell  
The clock pin led/greenDivider_reg/C is not reached by a timing clock
Related violations: <none>

TIMING-17#39 Warning
Non-clocked sequential cell  
The clock pin led/mr_reg/C is not reached by a timing clock
Related violations: <none>

TIMING-17#40 Warning
Non-clocked sequential cell  
The clock pin s/state_reg[0][0]/C is not reached by a timing clock
Related violations: <none>

TIMING-17#41 Warning
Non-clocked sequential cell  
The clock pin s/state_reg[0][1]/C is not reached by a timing clock
Related violations: <none>

TIMING-17#42 Warning
Non-clocked sequential cell  
The clock pin s/state_reg[0][2]/C is not reached by a timing clock
Related violations: <none>

TIMING-17#43 Warning
Non-clocked sequential cell  
The clock pin s/state_reg[0][3]/C is not reached by a timing clock
Related violations: <none>

TIMING-17#44 Warning
Non-clocked sequential cell  
The clock pin s/state_reg[0][4]/C is not reached by a timing clock
Related violations: <none>

TIMING-17#45 Warning
Non-clocked sequential cell  
The clock pin s/state_reg[0][5]/C is not reached by a timing clock
Related violations: <none>

TIMING-17#46 Warning
Non-clocked sequential cell  
The clock pin s/state_reg[0][6]/C is not reached by a timing clock
Related violations: <none>

TIMING-17#47 Warning
Non-clocked sequential cell  
The clock pin ss/first_reg[0]/C is not reached by a timing clock
Related violations: <none>

TIMING-17#48 Warning
Non-clocked sequential cell  
The clock pin ss/first_reg[1]/C is not reached by a timing clock
Related violations: <none>

TIMING-17#49 Warning
Non-clocked sequential cell  
The clock pin ss/first_reg[2]/C is not reached by a timing clock
Related violations: <none>

TIMING-17#50 Warning
Non-clocked sequential cell  
The clock pin ss/first_reg[3]/C is not reached by a timing clock
Related violations: <none>

TIMING-17#51 Warning
Non-clocked sequential cell  
The clock pin ss/second_reg[0]/C is not reached by a timing clock
Related violations: <none>

TIMING-17#52 Warning
Non-clocked sequential cell  
The clock pin ss/second_reg[1]/C is not reached by a timing clock
Related violations: <none>

TIMING-17#53 Warning
Non-clocked sequential cell  
The clock pin ss/second_reg[2]/C is not reached by a timing clock
Related violations: <none>

TIMING-17#54 Warning
Non-clocked sequential cell  
The clock pin ss/second_reg[3]/C is not reached by a timing clock
Related violations: <none>

TIMING-18#1 Warning
Missing input or output delay  
An input delay is missing on down relative to clock(s) sys_clk_pin 
Related violations: <none>

TIMING-18#2 Warning
Missing input or output delay  
An input delay is missing on left relative to clock(s) sys_clk_pin 
Related violations: <none>

TIMING-18#3 Warning
Missing input or output delay  
An input delay is missing on ok relative to clock(s) sys_clk_pin 
Related violations: <none>

TIMING-18#4 Warning
Missing input or output delay  
An input delay is missing on reset relative to clock(s) sys_clk_pin 
Related violations: <none>

TIMING-18#5 Warning
Missing input or output delay  
An input delay is missing on right relative to clock(s) sys_clk_pin 
Related violations: <none>

TIMING-18#6 Warning
Missing input or output delay  
An input delay is missing on up relative to clock(s) sys_clk_pin 
Related violations: <none>

TIMING-18#7 Warning
Missing input or output delay  
An output delay is missing on a relative to clock(s) sys_clk_pin 
Related violations: <none>

TIMING-18#8 Warning
Missing input or output delay  
An output delay is missing on an[0] relative to clock(s) sys_clk_pin 
Related violations: <none>

TIMING-18#9 Warning
Missing input or output delay  
An output delay is missing on an[1] relative to clock(s) sys_clk_pin 
Related violations: <none>

TIMING-18#10 Warning
Missing input or output delay  
An output delay is missing on an[2] relative to clock(s) sys_clk_pin 
Related violations: <none>

TIMING-18#11 Warning
Missing input or output delay  
An output delay is missing on an[3] relative to clock(s) sys_clk_pin 
Related violations: <none>

TIMING-18#12 Warning
Missing input or output delay  
An output delay is missing on b relative to clock(s) sys_clk_pin 
Related violations: <none>

TIMING-18#13 Warning
Missing input or output delay  
An output delay is missing on c relative to clock(s) sys_clk_pin 
Related violations: <none>

TIMING-18#14 Warning
Missing input or output delay  
An output delay is missing on d relative to clock(s) sys_clk_pin 
Related violations: <none>

TIMING-18#15 Warning
Missing input or output delay  
An output delay is missing on e relative to clock(s) sys_clk_pin 
Related violations: <none>

TIMING-18#16 Warning
Missing input or output delay  
An output delay is missing on f relative to clock(s) sys_clk_pin 
Related violations: <none>

TIMING-18#17 Warning
Missing input or output delay  
An output delay is missing on g relative to clock(s) sys_clk_pin 
Related violations: <none>

TIMING-18#18 Warning
Missing input or output delay  
An output delay is missing on shcp relative to clock(s) sys_clk_pin 
Related violations: <none>

TIMING-18#19 Warning
Missing input or output delay  
An output delay is missing on stcp relative to clock(s) sys_clk_pin 
Related violations: <none>

TIMING-20#1 Warning
Non-clocked latch  
The latch cont/nextstate_reg[0][0] cannot be properly analyzed as its control pin cont/nextstate_reg[0][0]/G is not reached by a timing clock
Related violations: <none>

TIMING-20#2 Warning
Non-clocked latch  
The latch cont/nextstate_reg[0][1] cannot be properly analyzed as its control pin cont/nextstate_reg[0][1]/G is not reached by a timing clock
Related violations: <none>

TIMING-20#3 Warning
Non-clocked latch  
The latch ff/out_reg[0][0] cannot be properly analyzed as its control pin ff/out_reg[0][0]/G is not reached by a timing clock
Related violations: <none>

TIMING-20#4 Warning
Non-clocked latch  
The latch ff/out_reg[0][10] cannot be properly analyzed as its control pin ff/out_reg[0][10]/G is not reached by a timing clock
Related violations: <none>

TIMING-20#5 Warning
Non-clocked latch  
The latch ff/out_reg[0][12] cannot be properly analyzed as its control pin ff/out_reg[0][12]/G is not reached by a timing clock
Related violations: <none>

TIMING-20#6 Warning
Non-clocked latch  
The latch ff/out_reg[0][13] cannot be properly analyzed as its control pin ff/out_reg[0][13]/G is not reached by a timing clock
Related violations: <none>

TIMING-20#7 Warning
Non-clocked latch  
The latch ff/out_reg[0][14] cannot be properly analyzed as its control pin ff/out_reg[0][14]/G is not reached by a timing clock
Related violations: <none>

TIMING-20#8 Warning
Non-clocked latch  
The latch ff/out_reg[0][15] cannot be properly analyzed as its control pin ff/out_reg[0][15]/G is not reached by a timing clock
Related violations: <none>

TIMING-20#9 Warning
Non-clocked latch  
The latch ff/out_reg[0][16] cannot be properly analyzed as its control pin ff/out_reg[0][16]/G is not reached by a timing clock
Related violations: <none>

TIMING-20#10 Warning
Non-clocked latch  
The latch ff/out_reg[0][17] cannot be properly analyzed as its control pin ff/out_reg[0][17]/G is not reached by a timing clock
Related violations: <none>

TIMING-20#11 Warning
Non-clocked latch  
The latch ff/out_reg[0][18] cannot be properly analyzed as its control pin ff/out_reg[0][18]/G is not reached by a timing clock
Related violations: <none>

TIMING-20#12 Warning
Non-clocked latch  
The latch ff/out_reg[0][19] cannot be properly analyzed as its control pin ff/out_reg[0][19]/G is not reached by a timing clock
Related violations: <none>

TIMING-20#13 Warning
Non-clocked latch  
The latch ff/out_reg[0][1] cannot be properly analyzed as its control pin ff/out_reg[0][1]/G is not reached by a timing clock
Related violations: <none>

TIMING-20#14 Warning
Non-clocked latch  
The latch ff/out_reg[0][20] cannot be properly analyzed as its control pin ff/out_reg[0][20]/G is not reached by a timing clock
Related violations: <none>

TIMING-20#15 Warning
Non-clocked latch  
The latch ff/out_reg[0][21] cannot be properly analyzed as its control pin ff/out_reg[0][21]/G is not reached by a timing clock
Related violations: <none>

TIMING-20#16 Warning
Non-clocked latch  
The latch ff/out_reg[0][22] cannot be properly analyzed as its control pin ff/out_reg[0][22]/G is not reached by a timing clock
Related violations: <none>

TIMING-20#17 Warning
Non-clocked latch  
The latch ff/out_reg[0][23] cannot be properly analyzed as its control pin ff/out_reg[0][23]/G is not reached by a timing clock
Related violations: <none>

TIMING-20#18 Warning
Non-clocked latch  
The latch ff/out_reg[0][2] cannot be properly analyzed as its control pin ff/out_reg[0][2]/G is not reached by a timing clock
Related violations: <none>

TIMING-20#19 Warning
Non-clocked latch  
The latch ff/out_reg[0][4] cannot be properly analyzed as its control pin ff/out_reg[0][4]/G is not reached by a timing clock
Related violations: <none>

TIMING-20#20 Warning
Non-clocked latch  
The latch ff/out_reg[0][5] cannot be properly analyzed as its control pin ff/out_reg[0][5]/G is not reached by a timing clock
Related violations: <none>

TIMING-20#21 Warning
Non-clocked latch  
The latch ff/out_reg[0][6] cannot be properly analyzed as its control pin ff/out_reg[0][6]/G is not reached by a timing clock
Related violations: <none>

TIMING-20#22 Warning
Non-clocked latch  
The latch ff/out_reg[0][7] cannot be properly analyzed as its control pin ff/out_reg[0][7]/G is not reached by a timing clock
Related violations: <none>

TIMING-20#23 Warning
Non-clocked latch  
The latch ff/out_reg[0][8] cannot be properly analyzed as its control pin ff/out_reg[0][8]/G is not reached by a timing clock
Related violations: <none>

TIMING-20#24 Warning
Non-clocked latch  
The latch ff/out_reg[0][9] cannot be properly analyzed as its control pin ff/out_reg[0][9]/G is not reached by a timing clock
Related violations: <none>

TIMING-20#25 Warning
Non-clocked latch  
The latch ff/out_reg[1][0] cannot be properly analyzed as its control pin ff/out_reg[1][0]/G is not reached by a timing clock
Related violations: <none>

TIMING-20#26 Warning
Non-clocked latch  
The latch ff/out_reg[1][10] cannot be properly analyzed as its control pin ff/out_reg[1][10]/G is not reached by a timing clock
Related violations: <none>

TIMING-20#27 Warning
Non-clocked latch  
The latch ff/out_reg[1][13] cannot be properly analyzed as its control pin ff/out_reg[1][13]/G is not reached by a timing clock
Related violations: <none>

TIMING-20#28 Warning
Non-clocked latch  
The latch ff/out_reg[1][14] cannot be properly analyzed as its control pin ff/out_reg[1][14]/G is not reached by a timing clock
Related violations: <none>

TIMING-20#29 Warning
Non-clocked latch  
The latch ff/out_reg[1][15] cannot be properly analyzed as its control pin ff/out_reg[1][15]/G is not reached by a timing clock
Related violations: <none>

TIMING-20#30 Warning
Non-clocked latch  
The latch ff/out_reg[1][16] cannot be properly analyzed as its control pin ff/out_reg[1][16]/G is not reached by a timing clock
Related violations: <none>

TIMING-20#31 Warning
Non-clocked latch  
The latch ff/out_reg[1][17] cannot be properly analyzed as its control pin ff/out_reg[1][17]/G is not reached by a timing clock
Related violations: <none>

TIMING-20#32 Warning
Non-clocked latch  
The latch ff/out_reg[1][18] cannot be properly analyzed as its control pin ff/out_reg[1][18]/G is not reached by a timing clock
Related violations: <none>

TIMING-20#33 Warning
Non-clocked latch  
The latch ff/out_reg[1][19] cannot be properly analyzed as its control pin ff/out_reg[1][19]/G is not reached by a timing clock
Related violations: <none>

TIMING-20#34 Warning
Non-clocked latch  
The latch ff/out_reg[1][1] cannot be properly analyzed as its control pin ff/out_reg[1][1]/G is not reached by a timing clock
Related violations: <none>

TIMING-20#35 Warning
Non-clocked latch  
The latch ff/out_reg[1][20] cannot be properly analyzed as its control pin ff/out_reg[1][20]/G is not reached by a timing clock
Related violations: <none>

TIMING-20#36 Warning
Non-clocked latch  
The latch ff/out_reg[1][21] cannot be properly analyzed as its control pin ff/out_reg[1][21]/G is not reached by a timing clock
Related violations: <none>

TIMING-20#37 Warning
Non-clocked latch  
The latch ff/out_reg[1][22] cannot be properly analyzed as its control pin ff/out_reg[1][22]/G is not reached by a timing clock
Related violations: <none>

TIMING-20#38 Warning
Non-clocked latch  
The latch ff/out_reg[1][23] cannot be properly analyzed as its control pin ff/out_reg[1][23]/G is not reached by a timing clock
Related violations: <none>

TIMING-20#39 Warning
Non-clocked latch  
The latch ff/out_reg[1][2] cannot be properly analyzed as its control pin ff/out_reg[1][2]/G is not reached by a timing clock
Related violations: <none>

TIMING-20#40 Warning
Non-clocked latch  
The latch ff/out_reg[1][6] cannot be properly analyzed as its control pin ff/out_reg[1][6]/G is not reached by a timing clock
Related violations: <none>

TIMING-20#41 Warning
Non-clocked latch  
The latch ff/out_reg[1][7] cannot be properly analyzed as its control pin ff/out_reg[1][7]/G is not reached by a timing clock
Related violations: <none>

TIMING-20#42 Warning
Non-clocked latch  
The latch ff/out_reg[1][8] cannot be properly analyzed as its control pin ff/out_reg[1][8]/G is not reached by a timing clock
Related violations: <none>

TIMING-20#43 Warning
Non-clocked latch  
The latch ff/out_reg[1][9] cannot be properly analyzed as its control pin ff/out_reg[1][9]/G is not reached by a timing clock
Related violations: <none>

TIMING-20#44 Warning
Non-clocked latch  
The latch ff/out_reg[2][0] cannot be properly analyzed as its control pin ff/out_reg[2][0]/G is not reached by a timing clock
Related violations: <none>

TIMING-20#45 Warning
Non-clocked latch  
The latch ff/out_reg[2][10] cannot be properly analyzed as its control pin ff/out_reg[2][10]/G is not reached by a timing clock
Related violations: <none>

TIMING-20#46 Warning
Non-clocked latch  
The latch ff/out_reg[2][11] cannot be properly analyzed as its control pin ff/out_reg[2][11]/G is not reached by a timing clock
Related violations: <none>

TIMING-20#47 Warning
Non-clocked latch  
The latch ff/out_reg[2][12] cannot be properly analyzed as its control pin ff/out_reg[2][12]/G is not reached by a timing clock
Related violations: <none>

TIMING-20#48 Warning
Non-clocked latch  
The latch ff/out_reg[2][13] cannot be properly analyzed as its control pin ff/out_reg[2][13]/G is not reached by a timing clock
Related violations: <none>

TIMING-20#49 Warning
Non-clocked latch  
The latch ff/out_reg[2][14] cannot be properly analyzed as its control pin ff/out_reg[2][14]/G is not reached by a timing clock
Related violations: <none>

TIMING-20#50 Warning
Non-clocked latch  
The latch ff/out_reg[2][15] cannot be properly analyzed as its control pin ff/out_reg[2][15]/G is not reached by a timing clock
Related violations: <none>

TIMING-20#51 Warning
Non-clocked latch  
The latch ff/out_reg[2][16] cannot be properly analyzed as its control pin ff/out_reg[2][16]/G is not reached by a timing clock
Related violations: <none>

TIMING-20#52 Warning
Non-clocked latch  
The latch ff/out_reg[2][17] cannot be properly analyzed as its control pin ff/out_reg[2][17]/G is not reached by a timing clock
Related violations: <none>

TIMING-20#53 Warning
Non-clocked latch  
The latch ff/out_reg[2][18] cannot be properly analyzed as its control pin ff/out_reg[2][18]/G is not reached by a timing clock
Related violations: <none>

TIMING-20#54 Warning
Non-clocked latch  
The latch ff/out_reg[2][19] cannot be properly analyzed as its control pin ff/out_reg[2][19]/G is not reached by a timing clock
Related violations: <none>

TIMING-20#55 Warning
Non-clocked latch  
The latch ff/out_reg[2][20] cannot be properly analyzed as its control pin ff/out_reg[2][20]/G is not reached by a timing clock
Related violations: <none>

TIMING-20#56 Warning
Non-clocked latch  
The latch ff/out_reg[2][21] cannot be properly analyzed as its control pin ff/out_reg[2][21]/G is not reached by a timing clock
Related violations: <none>

TIMING-20#57 Warning
Non-clocked latch  
The latch ff/out_reg[2][22] cannot be properly analyzed as its control pin ff/out_reg[2][22]/G is not reached by a timing clock
Related violations: <none>

TIMING-20#58 Warning
Non-clocked latch  
The latch ff/out_reg[2][23] cannot be properly analyzed as its control pin ff/out_reg[2][23]/G is not reached by a timing clock
Related violations: <none>

TIMING-20#59 Warning
Non-clocked latch  
The latch ff/out_reg[2][4] cannot be properly analyzed as its control pin ff/out_reg[2][4]/G is not reached by a timing clock
Related violations: <none>

TIMING-20#60 Warning
Non-clocked latch  
The latch ff/out_reg[2][5] cannot be properly analyzed as its control pin ff/out_reg[2][5]/G is not reached by a timing clock
Related violations: <none>

TIMING-20#61 Warning
Non-clocked latch  
The latch ff/out_reg[2][6] cannot be properly analyzed as its control pin ff/out_reg[2][6]/G is not reached by a timing clock
Related violations: <none>

TIMING-20#62 Warning
Non-clocked latch  
The latch ff/out_reg[2][7] cannot be properly analyzed as its control pin ff/out_reg[2][7]/G is not reached by a timing clock
Related violations: <none>

TIMING-20#63 Warning
Non-clocked latch  
The latch ff/out_reg[2][8] cannot be properly analyzed as its control pin ff/out_reg[2][8]/G is not reached by a timing clock
Related violations: <none>

TIMING-20#64 Warning
Non-clocked latch  
The latch ff/out_reg[2][9] cannot be properly analyzed as its control pin ff/out_reg[2][9]/G is not reached by a timing clock
Related violations: <none>

TIMING-20#65 Warning
Non-clocked latch  
The latch ff/out_reg[3][0] cannot be properly analyzed as its control pin ff/out_reg[3][0]/G is not reached by a timing clock
Related violations: <none>

TIMING-20#66 Warning
Non-clocked latch  
The latch ff/out_reg[3][10] cannot be properly analyzed as its control pin ff/out_reg[3][10]/G is not reached by a timing clock
Related violations: <none>

TIMING-20#67 Warning
Non-clocked latch  
The latch ff/out_reg[3][11] cannot be properly analyzed as its control pin ff/out_reg[3][11]/G is not reached by a timing clock
Related violations: <none>

TIMING-20#68 Warning
Non-clocked latch  
The latch ff/out_reg[3][12] cannot be properly analyzed as its control pin ff/out_reg[3][12]/G is not reached by a timing clock
Related violations: <none>

TIMING-20#69 Warning
Non-clocked latch  
The latch ff/out_reg[3][13] cannot be properly analyzed as its control pin ff/out_reg[3][13]/G is not reached by a timing clock
Related violations: <none>

TIMING-20#70 Warning
Non-clocked latch  
The latch ff/out_reg[3][14] cannot be properly analyzed as its control pin ff/out_reg[3][14]/G is not reached by a timing clock
Related violations: <none>

TIMING-20#71 Warning
Non-clocked latch  
The latch ff/out_reg[3][15] cannot be properly analyzed as its control pin ff/out_reg[3][15]/G is not reached by a timing clock
Related violations: <none>

TIMING-20#72 Warning
Non-clocked latch  
The latch ff/out_reg[3][16] cannot be properly analyzed as its control pin ff/out_reg[3][16]/G is not reached by a timing clock
Related violations: <none>

TIMING-20#73 Warning
Non-clocked latch  
The latch ff/out_reg[3][17] cannot be properly analyzed as its control pin ff/out_reg[3][17]/G is not reached by a timing clock
Related violations: <none>

TIMING-20#74 Warning
Non-clocked latch  
The latch ff/out_reg[3][18] cannot be properly analyzed as its control pin ff/out_reg[3][18]/G is not reached by a timing clock
Related violations: <none>

TIMING-20#75 Warning
Non-clocked latch  
The latch ff/out_reg[3][19] cannot be properly analyzed as its control pin ff/out_reg[3][19]/G is not reached by a timing clock
Related violations: <none>

TIMING-20#76 Warning
Non-clocked latch  
The latch ff/out_reg[3][1] cannot be properly analyzed as its control pin ff/out_reg[3][1]/G is not reached by a timing clock
Related violations: <none>

TIMING-20#77 Warning
Non-clocked latch  
The latch ff/out_reg[3][20] cannot be properly analyzed as its control pin ff/out_reg[3][20]/G is not reached by a timing clock
Related violations: <none>

TIMING-20#78 Warning
Non-clocked latch  
The latch ff/out_reg[3][21] cannot be properly analyzed as its control pin ff/out_reg[3][21]/G is not reached by a timing clock
Related violations: <none>

TIMING-20#79 Warning
Non-clocked latch  
The latch ff/out_reg[3][22] cannot be properly analyzed as its control pin ff/out_reg[3][22]/G is not reached by a timing clock
Related violations: <none>

TIMING-20#80 Warning
Non-clocked latch  
The latch ff/out_reg[3][23] cannot be properly analyzed as its control pin ff/out_reg[3][23]/G is not reached by a timing clock
Related violations: <none>

TIMING-20#81 Warning
Non-clocked latch  
The latch ff/out_reg[3][4] cannot be properly analyzed as its control pin ff/out_reg[3][4]/G is not reached by a timing clock
Related violations: <none>

TIMING-20#82 Warning
Non-clocked latch  
The latch ff/out_reg[3][5] cannot be properly analyzed as its control pin ff/out_reg[3][5]/G is not reached by a timing clock
Related violations: <none>

TIMING-20#83 Warning
Non-clocked latch  
The latch ff/out_reg[3][6] cannot be properly analyzed as its control pin ff/out_reg[3][6]/G is not reached by a timing clock
Related violations: <none>

TIMING-20#84 Warning
Non-clocked latch  
The latch ff/out_reg[3][7] cannot be properly analyzed as its control pin ff/out_reg[3][7]/G is not reached by a timing clock
Related violations: <none>

TIMING-20#85 Warning
Non-clocked latch  
The latch ff/out_reg[3][8] cannot be properly analyzed as its control pin ff/out_reg[3][8]/G is not reached by a timing clock
Related violations: <none>

TIMING-20#86 Warning
Non-clocked latch  
The latch ff/out_reg[4][0] cannot be properly analyzed as its control pin ff/out_reg[4][0]/G is not reached by a timing clock
Related violations: <none>

TIMING-20#87 Warning
Non-clocked latch  
The latch ff/out_reg[4][11] cannot be properly analyzed as its control pin ff/out_reg[4][11]/G is not reached by a timing clock
Related violations: <none>

TIMING-20#88 Warning
Non-clocked latch  
The latch ff/out_reg[4][14] cannot be properly analyzed as its control pin ff/out_reg[4][14]/G is not reached by a timing clock
Related violations: <none>

TIMING-20#89 Warning
Non-clocked latch  
The latch ff/out_reg[4][15] cannot be properly analyzed as its control pin ff/out_reg[4][15]/G is not reached by a timing clock
Related violations: <none>

TIMING-20#90 Warning
Non-clocked latch  
The latch ff/out_reg[4][16] cannot be properly analyzed as its control pin ff/out_reg[4][16]/G is not reached by a timing clock
Related violations: <none>

TIMING-20#91 Warning
Non-clocked latch  
The latch ff/out_reg[4][17] cannot be properly analyzed as its control pin ff/out_reg[4][17]/G is not reached by a timing clock
Related violations: <none>

TIMING-20#92 Warning
Non-clocked latch  
The latch ff/out_reg[4][18] cannot be properly analyzed as its control pin ff/out_reg[4][18]/G is not reached by a timing clock
Related violations: <none>

TIMING-20#93 Warning
Non-clocked latch  
The latch ff/out_reg[4][19] cannot be properly analyzed as its control pin ff/out_reg[4][19]/G is not reached by a timing clock
Related violations: <none>

TIMING-20#94 Warning
Non-clocked latch  
The latch ff/out_reg[4][20] cannot be properly analyzed as its control pin ff/out_reg[4][20]/G is not reached by a timing clock
Related violations: <none>

TIMING-20#95 Warning
Non-clocked latch  
The latch ff/out_reg[4][21] cannot be properly analyzed as its control pin ff/out_reg[4][21]/G is not reached by a timing clock
Related violations: <none>

TIMING-20#96 Warning
Non-clocked latch  
The latch ff/out_reg[4][22] cannot be properly analyzed as its control pin ff/out_reg[4][22]/G is not reached by a timing clock
Related violations: <none>

TIMING-20#97 Warning
Non-clocked latch  
The latch ff/out_reg[4][23] cannot be properly analyzed as its control pin ff/out_reg[4][23]/G is not reached by a timing clock
Related violations: <none>

TIMING-20#98 Warning
Non-clocked latch  
The latch ff/out_reg[4][6] cannot be properly analyzed as its control pin ff/out_reg[4][6]/G is not reached by a timing clock
Related violations: <none>

TIMING-20#99 Warning
Non-clocked latch  
The latch ff/out_reg[4][7] cannot be properly analyzed as its control pin ff/out_reg[4][7]/G is not reached by a timing clock
Related violations: <none>

TIMING-20#100 Warning
Non-clocked latch  
The latch ff/out_reg[4][8] cannot be properly analyzed as its control pin ff/out_reg[4][8]/G is not reached by a timing clock
Related violations: <none>

TIMING-20#101 Warning
Non-clocked latch  
The latch ff/out_reg[5][0] cannot be properly analyzed as its control pin ff/out_reg[5][0]/G is not reached by a timing clock
Related violations: <none>

TIMING-20#102 Warning
Non-clocked latch  
The latch ff/out_reg[5][10] cannot be properly analyzed as its control pin ff/out_reg[5][10]/G is not reached by a timing clock
Related violations: <none>

TIMING-20#103 Warning
Non-clocked latch  
The latch ff/out_reg[5][14] cannot be properly analyzed as its control pin ff/out_reg[5][14]/G is not reached by a timing clock
Related violations: <none>

TIMING-20#104 Warning
Non-clocked latch  
The latch ff/out_reg[5][15] cannot be properly analyzed as its control pin ff/out_reg[5][15]/G is not reached by a timing clock
Related violations: <none>

TIMING-20#105 Warning
Non-clocked latch  
The latch ff/out_reg[5][16] cannot be properly analyzed as its control pin ff/out_reg[5][16]/G is not reached by a timing clock
Related violations: <none>

TIMING-20#106 Warning
Non-clocked latch  
The latch ff/out_reg[5][17] cannot be properly analyzed as its control pin ff/out_reg[5][17]/G is not reached by a timing clock
Related violations: <none>

TIMING-20#107 Warning
Non-clocked latch  
The latch ff/out_reg[5][18] cannot be properly analyzed as its control pin ff/out_reg[5][18]/G is not reached by a timing clock
Related violations: <none>

TIMING-20#108 Warning
Non-clocked latch  
The latch ff/out_reg[5][19] cannot be properly analyzed as its control pin ff/out_reg[5][19]/G is not reached by a timing clock
Related violations: <none>

TIMING-20#109 Warning
Non-clocked latch  
The latch ff/out_reg[5][1] cannot be properly analyzed as its control pin ff/out_reg[5][1]/G is not reached by a timing clock
Related violations: <none>

TIMING-20#110 Warning
Non-clocked latch  
The latch ff/out_reg[5][20] cannot be properly analyzed as its control pin ff/out_reg[5][20]/G is not reached by a timing clock
Related violations: <none>

TIMING-20#111 Warning
Non-clocked latch  
The latch ff/out_reg[5][21] cannot be properly analyzed as its control pin ff/out_reg[5][21]/G is not reached by a timing clock
Related violations: <none>

TIMING-20#112 Warning
Non-clocked latch  
The latch ff/out_reg[5][22] cannot be properly analyzed as its control pin ff/out_reg[5][22]/G is not reached by a timing clock
Related violations: <none>

TIMING-20#113 Warning
Non-clocked latch  
The latch ff/out_reg[5][23] cannot be properly analyzed as its control pin ff/out_reg[5][23]/G is not reached by a timing clock
Related violations: <none>

TIMING-20#114 Warning
Non-clocked latch  
The latch ff/out_reg[5][2] cannot be properly analyzed as its control pin ff/out_reg[5][2]/G is not reached by a timing clock
Related violations: <none>

TIMING-20#115 Warning
Non-clocked latch  
The latch ff/out_reg[5][6] cannot be properly analyzed as its control pin ff/out_reg[5][6]/G is not reached by a timing clock
Related violations: <none>

TIMING-20#116 Warning
Non-clocked latch  
The latch ff/out_reg[5][7] cannot be properly analyzed as its control pin ff/out_reg[5][7]/G is not reached by a timing clock
Related violations: <none>

TIMING-20#117 Warning
Non-clocked latch  
The latch ff/out_reg[5][8] cannot be properly analyzed as its control pin ff/out_reg[5][8]/G is not reached by a timing clock
Related violations: <none>

TIMING-20#118 Warning
Non-clocked latch  
The latch ff/out_reg[5][9] cannot be properly analyzed as its control pin ff/out_reg[5][9]/G is not reached by a timing clock
Related violations: <none>

TIMING-20#119 Warning
Non-clocked latch  
The latch ff/out_reg[6][10] cannot be properly analyzed as its control pin ff/out_reg[6][10]/G is not reached by a timing clock
Related violations: <none>

TIMING-20#120 Warning
Non-clocked latch  
The latch ff/out_reg[6][11] cannot be properly analyzed as its control pin ff/out_reg[6][11]/G is not reached by a timing clock
Related violations: <none>

TIMING-20#121 Warning
Non-clocked latch  
The latch ff/out_reg[6][12] cannot be properly analyzed as its control pin ff/out_reg[6][12]/G is not reached by a timing clock
Related violations: <none>

TIMING-20#122 Warning
Non-clocked latch  
The latch ff/out_reg[6][13] cannot be properly analyzed as its control pin ff/out_reg[6][13]/G is not reached by a timing clock
Related violations: <none>

TIMING-20#123 Warning
Non-clocked latch  
The latch ff/out_reg[6][14] cannot be properly analyzed as its control pin ff/out_reg[6][14]/G is not reached by a timing clock
Related violations: <none>

TIMING-20#124 Warning
Non-clocked latch  
The latch ff/out_reg[6][15] cannot be properly analyzed as its control pin ff/out_reg[6][15]/G is not reached by a timing clock
Related violations: <none>

TIMING-20#125 Warning
Non-clocked latch  
The latch ff/out_reg[6][16] cannot be properly analyzed as its control pin ff/out_reg[6][16]/G is not reached by a timing clock
Related violations: <none>

TIMING-20#126 Warning
Non-clocked latch  
The latch ff/out_reg[6][17] cannot be properly analyzed as its control pin ff/out_reg[6][17]/G is not reached by a timing clock
Related violations: <none>

TIMING-20#127 Warning
Non-clocked latch  
The latch ff/out_reg[6][18] cannot be properly analyzed as its control pin ff/out_reg[6][18]/G is not reached by a timing clock
Related violations: <none>

TIMING-20#128 Warning
Non-clocked latch  
The latch ff/out_reg[6][19] cannot be properly analyzed as its control pin ff/out_reg[6][19]/G is not reached by a timing clock
Related violations: <none>

TIMING-20#129 Warning
Non-clocked latch  
The latch ff/out_reg[6][20] cannot be properly analyzed as its control pin ff/out_reg[6][20]/G is not reached by a timing clock
Related violations: <none>

TIMING-20#130 Warning
Non-clocked latch  
The latch ff/out_reg[6][21] cannot be properly analyzed as its control pin ff/out_reg[6][21]/G is not reached by a timing clock
Related violations: <none>

TIMING-20#131 Warning
Non-clocked latch  
The latch ff/out_reg[6][22] cannot be properly analyzed as its control pin ff/out_reg[6][22]/G is not reached by a timing clock
Related violations: <none>

TIMING-20#132 Warning
Non-clocked latch  
The latch ff/out_reg[6][23] cannot be properly analyzed as its control pin ff/out_reg[6][23]/G is not reached by a timing clock
Related violations: <none>

TIMING-20#133 Warning
Non-clocked latch  
The latch ff/out_reg[6][2] cannot be properly analyzed as its control pin ff/out_reg[6][2]/G is not reached by a timing clock
Related violations: <none>

TIMING-20#134 Warning
Non-clocked latch  
The latch ff/out_reg[6][3] cannot be properly analyzed as its control pin ff/out_reg[6][3]/G is not reached by a timing clock
Related violations: <none>

TIMING-20#135 Warning
Non-clocked latch  
The latch ff/out_reg[6][4] cannot be properly analyzed as its control pin ff/out_reg[6][4]/G is not reached by a timing clock
Related violations: <none>

TIMING-20#136 Warning
Non-clocked latch  
The latch ff/out_reg[6][5] cannot be properly analyzed as its control pin ff/out_reg[6][5]/G is not reached by a timing clock
Related violations: <none>

TIMING-20#137 Warning
Non-clocked latch  
The latch ff/out_reg[6][6] cannot be properly analyzed as its control pin ff/out_reg[6][6]/G is not reached by a timing clock
Related violations: <none>

TIMING-20#138 Warning
Non-clocked latch  
The latch ff/out_reg[6][7] cannot be properly analyzed as its control pin ff/out_reg[6][7]/G is not reached by a timing clock
Related violations: <none>

TIMING-20#139 Warning
Non-clocked latch  
The latch ff/out_reg[7][0] cannot be properly analyzed as its control pin ff/out_reg[7][0]/G is not reached by a timing clock
Related violations: <none>

TIMING-20#140 Warning
Non-clocked latch  
The latch ff/out_reg[7][10] cannot be properly analyzed as its control pin ff/out_reg[7][10]/G is not reached by a timing clock
Related violations: <none>

TIMING-20#141 Warning
Non-clocked latch  
The latch ff/out_reg[7][11] cannot be properly analyzed as its control pin ff/out_reg[7][11]/G is not reached by a timing clock
Related violations: <none>

TIMING-20#142 Warning
Non-clocked latch  
The latch ff/out_reg[7][12] cannot be properly analyzed as its control pin ff/out_reg[7][12]/G is not reached by a timing clock
Related violations: <none>

TIMING-20#143 Warning
Non-clocked latch  
The latch ff/out_reg[7][13] cannot be properly analyzed as its control pin ff/out_reg[7][13]/G is not reached by a timing clock
Related violations: <none>

TIMING-20#144 Warning
Non-clocked latch  
The latch ff/out_reg[7][14] cannot be properly analyzed as its control pin ff/out_reg[7][14]/G is not reached by a timing clock
Related violations: <none>

TIMING-20#145 Warning
Non-clocked latch  
The latch ff/out_reg[7][15] cannot be properly analyzed as its control pin ff/out_reg[7][15]/G is not reached by a timing clock
Related violations: <none>

TIMING-20#146 Warning
Non-clocked latch  
The latch ff/out_reg[7][16] cannot be properly analyzed as its control pin ff/out_reg[7][16]/G is not reached by a timing clock
Related violations: <none>

TIMING-20#147 Warning
Non-clocked latch  
The latch ff/out_reg[7][17] cannot be properly analyzed as its control pin ff/out_reg[7][17]/G is not reached by a timing clock
Related violations: <none>

TIMING-20#148 Warning
Non-clocked latch  
The latch ff/out_reg[7][18] cannot be properly analyzed as its control pin ff/out_reg[7][18]/G is not reached by a timing clock
Related violations: <none>

TIMING-20#149 Warning
Non-clocked latch  
The latch ff/out_reg[7][19] cannot be properly analyzed as its control pin ff/out_reg[7][19]/G is not reached by a timing clock
Related violations: <none>

TIMING-20#150 Warning
Non-clocked latch  
The latch ff/out_reg[7][1] cannot be properly analyzed as its control pin ff/out_reg[7][1]/G is not reached by a timing clock
Related violations: <none>

TIMING-20#151 Warning
Non-clocked latch  
The latch ff/out_reg[7][20] cannot be properly analyzed as its control pin ff/out_reg[7][20]/G is not reached by a timing clock
Related violations: <none>

TIMING-20#152 Warning
Non-clocked latch  
The latch ff/out_reg[7][21] cannot be properly analyzed as its control pin ff/out_reg[7][21]/G is not reached by a timing clock
Related violations: <none>

TIMING-20#153 Warning
Non-clocked latch  
The latch ff/out_reg[7][22] cannot be properly analyzed as its control pin ff/out_reg[7][22]/G is not reached by a timing clock
Related violations: <none>

TIMING-20#154 Warning
Non-clocked latch  
The latch ff/out_reg[7][23] cannot be properly analyzed as its control pin ff/out_reg[7][23]/G is not reached by a timing clock
Related violations: <none>

TIMING-20#155 Warning
Non-clocked latch  
The latch ff/out_reg[7][2] cannot be properly analyzed as its control pin ff/out_reg[7][2]/G is not reached by a timing clock
Related violations: <none>

TIMING-20#156 Warning
Non-clocked latch  
The latch ff/out_reg[7][3] cannot be properly analyzed as its control pin ff/out_reg[7][3]/G is not reached by a timing clock
Related violations: <none>

TIMING-20#157 Warning
Non-clocked latch  
The latch ff/out_reg[7][4] cannot be properly analyzed as its control pin ff/out_reg[7][4]/G is not reached by a timing clock
Related violations: <none>

TIMING-20#158 Warning
Non-clocked latch  
The latch ff/out_reg[7][5] cannot be properly analyzed as its control pin ff/out_reg[7][5]/G is not reached by a timing clock
Related violations: <none>

TIMING-20#159 Warning
Non-clocked latch  
The latch ff/out_reg[7][6] cannot be properly analyzed as its control pin ff/out_reg[7][6]/G is not reached by a timing clock
Related violations: <none>

TIMING-20#160 Warning
Non-clocked latch  
The latch ff/out_reg[7][7] cannot be properly analyzed as its control pin ff/out_reg[7][7]/G is not reached by a timing clock
Related violations: <none>

TIMING-20#161 Warning
Non-clocked latch  
The latch ff/out_reg[7][8] cannot be properly analyzed as its control pin ff/out_reg[7][8]/G is not reached by a timing clock
Related violations: <none>

TIMING-20#162 Warning
Non-clocked latch  
The latch ff/out_reg[7][9] cannot be properly analyzed as its control pin ff/out_reg[7][9]/G is not reached by a timing clock
Related violations: <none>

TIMING-20#163 Warning
Non-clocked latch  
The latch s/inp_reg[0][16] cannot be properly analyzed as its control pin s/inp_reg[0][16]/G is not reached by a timing clock
Related violations: <none>

TIMING-20#164 Warning
Non-clocked latch  
The latch s/inp_reg[0][17] cannot be properly analyzed as its control pin s/inp_reg[0][17]/G is not reached by a timing clock
Related violations: <none>

TIMING-20#165 Warning
Non-clocked latch  
The latch s/inp_reg[0][18] cannot be properly analyzed as its control pin s/inp_reg[0][18]/G is not reached by a timing clock
Related violations: <none>

TIMING-20#166 Warning
Non-clocked latch  
The latch s/inp_reg[0][19] cannot be properly analyzed as its control pin s/inp_reg[0][19]/G is not reached by a timing clock
Related violations: <none>

TIMING-20#167 Warning
Non-clocked latch  
The latch s/inp_reg[0][20] cannot be properly analyzed as its control pin s/inp_reg[0][20]/G is not reached by a timing clock
Related violations: <none>

TIMING-20#168 Warning
Non-clocked latch  
The latch s/inp_reg[0][21] cannot be properly analyzed as its control pin s/inp_reg[0][21]/G is not reached by a timing clock
Related violations: <none>

TIMING-20#169 Warning
Non-clocked latch  
The latch s/inp_reg[0][22] cannot be properly analyzed as its control pin s/inp_reg[0][22]/G is not reached by a timing clock
Related violations: <none>

TIMING-20#170 Warning
Non-clocked latch  
The latch s/inp_reg[0][23] cannot be properly analyzed as its control pin s/inp_reg[0][23]/G is not reached by a timing clock
Related violations: <none>

TIMING-20#171 Warning
Non-clocked latch  
The latch s/inp_reg[1][16] cannot be properly analyzed as its control pin s/inp_reg[1][16]/G is not reached by a timing clock
Related violations: <none>

TIMING-20#172 Warning
Non-clocked latch  
The latch s/inp_reg[1][17] cannot be properly analyzed as its control pin s/inp_reg[1][17]/G is not reached by a timing clock
Related violations: <none>

TIMING-20#173 Warning
Non-clocked latch  
The latch s/inp_reg[1][18] cannot be properly analyzed as its control pin s/inp_reg[1][18]/G is not reached by a timing clock
Related violations: <none>

TIMING-20#174 Warning
Non-clocked latch  
The latch s/inp_reg[1][19] cannot be properly analyzed as its control pin s/inp_reg[1][19]/G is not reached by a timing clock
Related violations: <none>

TIMING-20#175 Warning
Non-clocked latch  
The latch s/inp_reg[1][20] cannot be properly analyzed as its control pin s/inp_reg[1][20]/G is not reached by a timing clock
Related violations: <none>

TIMING-20#176 Warning
Non-clocked latch  
The latch s/inp_reg[1][21] cannot be properly analyzed as its control pin s/inp_reg[1][21]/G is not reached by a timing clock
Related violations: <none>

TIMING-20#177 Warning
Non-clocked latch  
The latch s/inp_reg[1][22] cannot be properly analyzed as its control pin s/inp_reg[1][22]/G is not reached by a timing clock
Related violations: <none>

TIMING-20#178 Warning
Non-clocked latch  
The latch s/inp_reg[1][23] cannot be properly analyzed as its control pin s/inp_reg[1][23]/G is not reached by a timing clock
Related violations: <none>

TIMING-20#179 Warning
Non-clocked latch  
The latch s/inp_reg[2][16] cannot be properly analyzed as its control pin s/inp_reg[2][16]/G is not reached by a timing clock
Related violations: <none>

TIMING-20#180 Warning
Non-clocked latch  
The latch s/inp_reg[2][17] cannot be properly analyzed as its control pin s/inp_reg[2][17]/G is not reached by a timing clock
Related violations: <none>

TIMING-20#181 Warning
Non-clocked latch  
The latch s/inp_reg[2][18] cannot be properly analyzed as its control pin s/inp_reg[2][18]/G is not reached by a timing clock
Related violations: <none>

TIMING-20#182 Warning
Non-clocked latch  
The latch s/inp_reg[2][19] cannot be properly analyzed as its control pin s/inp_reg[2][19]/G is not reached by a timing clock
Related violations: <none>

TIMING-20#183 Warning
Non-clocked latch  
The latch s/inp_reg[2][20] cannot be properly analyzed as its control pin s/inp_reg[2][20]/G is not reached by a timing clock
Related violations: <none>

TIMING-20#184 Warning
Non-clocked latch  
The latch s/inp_reg[2][21] cannot be properly analyzed as its control pin s/inp_reg[2][21]/G is not reached by a timing clock
Related violations: <none>

TIMING-20#185 Warning
Non-clocked latch  
The latch s/inp_reg[2][22] cannot be properly analyzed as its control pin s/inp_reg[2][22]/G is not reached by a timing clock
Related violations: <none>

TIMING-20#186 Warning
Non-clocked latch  
The latch s/inp_reg[2][23] cannot be properly analyzed as its control pin s/inp_reg[2][23]/G is not reached by a timing clock
Related violations: <none>

TIMING-20#187 Warning
Non-clocked latch  
The latch s/inp_reg[3][16] cannot be properly analyzed as its control pin s/inp_reg[3][16]/G is not reached by a timing clock
Related violations: <none>

TIMING-20#188 Warning
Non-clocked latch  
The latch s/inp_reg[3][17] cannot be properly analyzed as its control pin s/inp_reg[3][17]/G is not reached by a timing clock
Related violations: <none>

TIMING-20#189 Warning
Non-clocked latch  
The latch s/inp_reg[3][18] cannot be properly analyzed as its control pin s/inp_reg[3][18]/G is not reached by a timing clock
Related violations: <none>

TIMING-20#190 Warning
Non-clocked latch  
The latch s/inp_reg[3][19] cannot be properly analyzed as its control pin s/inp_reg[3][19]/G is not reached by a timing clock
Related violations: <none>

TIMING-20#191 Warning
Non-clocked latch  
The latch s/inp_reg[3][20] cannot be properly analyzed as its control pin s/inp_reg[3][20]/G is not reached by a timing clock
Related violations: <none>

TIMING-20#192 Warning
Non-clocked latch  
The latch s/inp_reg[3][21] cannot be properly analyzed as its control pin s/inp_reg[3][21]/G is not reached by a timing clock
Related violations: <none>

TIMING-20#193 Warning
Non-clocked latch  
The latch s/inp_reg[3][22] cannot be properly analyzed as its control pin s/inp_reg[3][22]/G is not reached by a timing clock
Related violations: <none>

TIMING-20#194 Warning
Non-clocked latch  
The latch s/inp_reg[3][23] cannot be properly analyzed as its control pin s/inp_reg[3][23]/G is not reached by a timing clock
Related violations: <none>

TIMING-20#195 Warning
Non-clocked latch  
The latch s/inp_reg[4][16] cannot be properly analyzed as its control pin s/inp_reg[4][16]/G is not reached by a timing clock
Related violations: <none>

TIMING-20#196 Warning
Non-clocked latch  
The latch s/inp_reg[4][17] cannot be properly analyzed as its control pin s/inp_reg[4][17]/G is not reached by a timing clock
Related violations: <none>

TIMING-20#197 Warning
Non-clocked latch  
The latch s/inp_reg[4][18] cannot be properly analyzed as its control pin s/inp_reg[4][18]/G is not reached by a timing clock
Related violations: <none>

TIMING-20#198 Warning
Non-clocked latch  
The latch s/inp_reg[4][19] cannot be properly analyzed as its control pin s/inp_reg[4][19]/G is not reached by a timing clock
Related violations: <none>

TIMING-20#199 Warning
Non-clocked latch  
The latch s/inp_reg[4][20] cannot be properly analyzed as its control pin s/inp_reg[4][20]/G is not reached by a timing clock
Related violations: <none>

TIMING-20#200 Warning
Non-clocked latch  
The latch s/inp_reg[4][21] cannot be properly analyzed as its control pin s/inp_reg[4][21]/G is not reached by a timing clock
Related violations: <none>

TIMING-20#201 Warning
Non-clocked latch  
The latch s/inp_reg[4][22] cannot be properly analyzed as its control pin s/inp_reg[4][22]/G is not reached by a timing clock
Related violations: <none>

TIMING-20#202 Warning
Non-clocked latch  
The latch s/inp_reg[4][23] cannot be properly analyzed as its control pin s/inp_reg[4][23]/G is not reached by a timing clock
Related violations: <none>

TIMING-20#203 Warning
Non-clocked latch  
The latch s/inp_reg[5][16] cannot be properly analyzed as its control pin s/inp_reg[5][16]/G is not reached by a timing clock
Related violations: <none>

TIMING-20#204 Warning
Non-clocked latch  
The latch s/inp_reg[5][17] cannot be properly analyzed as its control pin s/inp_reg[5][17]/G is not reached by a timing clock
Related violations: <none>

TIMING-20#205 Warning
Non-clocked latch  
The latch s/inp_reg[5][18] cannot be properly analyzed as its control pin s/inp_reg[5][18]/G is not reached by a timing clock
Related violations: <none>

TIMING-20#206 Warning
Non-clocked latch  
The latch s/inp_reg[5][19] cannot be properly analyzed as its control pin s/inp_reg[5][19]/G is not reached by a timing clock
Related violations: <none>

TIMING-20#207 Warning
Non-clocked latch  
The latch s/inp_reg[5][20] cannot be properly analyzed as its control pin s/inp_reg[5][20]/G is not reached by a timing clock
Related violations: <none>

TIMING-20#208 Warning
Non-clocked latch  
The latch s/inp_reg[5][21] cannot be properly analyzed as its control pin s/inp_reg[5][21]/G is not reached by a timing clock
Related violations: <none>

TIMING-20#209 Warning
Non-clocked latch  
The latch s/inp_reg[5][22] cannot be properly analyzed as its control pin s/inp_reg[5][22]/G is not reached by a timing clock
Related violations: <none>

TIMING-20#210 Warning
Non-clocked latch  
The latch s/inp_reg[5][23] cannot be properly analyzed as its control pin s/inp_reg[5][23]/G is not reached by a timing clock
Related violations: <none>

TIMING-20#211 Warning
Non-clocked latch  
The latch s/inp_reg[6][16] cannot be properly analyzed as its control pin s/inp_reg[6][16]/G is not reached by a timing clock
Related violations: <none>

TIMING-20#212 Warning
Non-clocked latch  
The latch s/inp_reg[6][17] cannot be properly analyzed as its control pin s/inp_reg[6][17]/G is not reached by a timing clock
Related violations: <none>

TIMING-20#213 Warning
Non-clocked latch  
The latch s/inp_reg[6][18] cannot be properly analyzed as its control pin s/inp_reg[6][18]/G is not reached by a timing clock
Related violations: <none>

TIMING-20#214 Warning
Non-clocked latch  
The latch s/inp_reg[6][19] cannot be properly analyzed as its control pin s/inp_reg[6][19]/G is not reached by a timing clock
Related violations: <none>

TIMING-20#215 Warning
Non-clocked latch  
The latch s/inp_reg[6][20] cannot be properly analyzed as its control pin s/inp_reg[6][20]/G is not reached by a timing clock
Related violations: <none>

TIMING-20#216 Warning
Non-clocked latch  
The latch s/inp_reg[6][21] cannot be properly analyzed as its control pin s/inp_reg[6][21]/G is not reached by a timing clock
Related violations: <none>

TIMING-20#217 Warning
Non-clocked latch  
The latch s/inp_reg[6][22] cannot be properly analyzed as its control pin s/inp_reg[6][22]/G is not reached by a timing clock
Related violations: <none>

TIMING-20#218 Warning
Non-clocked latch  
The latch s/inp_reg[6][23] cannot be properly analyzed as its control pin s/inp_reg[6][23]/G is not reached by a timing clock
Related violations: <none>

TIMING-20#219 Warning
Non-clocked latch  
The latch s/inp_reg[7][16] cannot be properly analyzed as its control pin s/inp_reg[7][16]/G is not reached by a timing clock
Related violations: <none>

TIMING-20#220 Warning
Non-clocked latch  
The latch s/inp_reg[7][17] cannot be properly analyzed as its control pin s/inp_reg[7][17]/G is not reached by a timing clock
Related violations: <none>

TIMING-20#221 Warning
Non-clocked latch  
The latch s/inp_reg[7][18] cannot be properly analyzed as its control pin s/inp_reg[7][18]/G is not reached by a timing clock
Related violations: <none>

TIMING-20#222 Warning
Non-clocked latch  
The latch s/inp_reg[7][19] cannot be properly analyzed as its control pin s/inp_reg[7][19]/G is not reached by a timing clock
Related violations: <none>

TIMING-20#223 Warning
Non-clocked latch  
The latch s/inp_reg[7][20] cannot be properly analyzed as its control pin s/inp_reg[7][20]/G is not reached by a timing clock
Related violations: <none>

TIMING-20#224 Warning
Non-clocked latch  
The latch s/inp_reg[7][21] cannot be properly analyzed as its control pin s/inp_reg[7][21]/G is not reached by a timing clock
Related violations: <none>

TIMING-20#225 Warning
Non-clocked latch  
The latch s/inp_reg[7][22] cannot be properly analyzed as its control pin s/inp_reg[7][22]/G is not reached by a timing clock
Related violations: <none>

TIMING-20#226 Warning
Non-clocked latch  
The latch s/inp_reg[7][23] cannot be properly analyzed as its control pin s/inp_reg[7][23]/G is not reached by a timing clock
Related violations: <none>

TIMING-20#227 Warning
Non-clocked latch  
The latch se/out_reg[0][1]/L7 (in se/out_reg[0][1] macro) cannot be properly analyzed as its control pin se/out_reg[0][1]/L7/G is not reached by a timing clock
Related violations: <none>

TIMING-20#228 Warning
Non-clocked latch  
The latch se/out_reg[2][0] cannot be properly analyzed as its control pin se/out_reg[2][0]/G is not reached by a timing clock
Related violations: <none>

TIMING-20#229 Warning
Non-clocked latch  
The latch se/out_reg[4][0]/L7 (in se/out_reg[4][0] macro) cannot be properly analyzed as its control pin se/out_reg[4][0]/L7/G is not reached by a timing clock
Related violations: <none>

TIMING-20#230 Warning
Non-clocked latch  
The latch se/out_reg[5][0] cannot be properly analyzed as its control pin se/out_reg[5][0]/G is not reached by a timing clock
Related violations: <none>

TIMING-20#231 Warning
Non-clocked latch  
The latch se/out_reg[7][0]/L7 (in se/out_reg[7][0] macro) cannot be properly analyzed as its control pin se/out_reg[7][0]/L7/G is not reached by a timing clock
Related violations: <none>

TIMING-20#232 Warning
Non-clocked latch  
The latch se/out_reg[7][2]/L7 (in se/out_reg[7][2] macro) cannot be properly analyzed as its control pin se/out_reg[7][2]/L7/G is not reached by a timing clock
Related violations: <none>


