#-----------------------------------------------------------
# Vivado v2016.4 (64-bit)
# SW Build 1756540 on Mon Jan 23 19:11:23 MST 2017
# IP Build 1755317 on Mon Jan 23 20:30:07 MST 2017
# Start of session at: Tue May 09 03:22:17 2017
# Process ID: 14692
# Current directory: C:/Users/Eren/Desktop/DIGITAL PROJECT_FINAL
# Command line: vivado.exe -gui_launcher_event rodinguilauncherevent16132 C:\Users\Eren\Desktop\DIGITAL PROJECT_FINAL\project_1.xpr
# Log file: C:/Users/Eren/Desktop/DIGITAL PROJECT_FINAL/vivado.log
# Journal file: C:/Users/Eren/Desktop/DIGITAL PROJECT_FINAL\vivado.jou
#-----------------------------------------------------------
start_gui
open_project {C:/Users/Eren/Desktop/DIGITAL PROJECT_FINAL/project_1.xpr}
INFO: [Project 1-313] Project file moved from 'C:/Users/Eren/Desktop/DIGITAL PROJECT' since last save.
Scanning sources...
Finished scanning sources
INFO: [IP_Flow 19-234] Refreshing IP repositories
INFO: [IP_Flow 19-1704] No user IP repositories specified
INFO: [IP_Flow 19-2313] Loaded Vivado IP repository 'C:/Xilinx/Vivado/2016.4/data/ip'.
exit
INFO: [Common 17-206] Exiting Vivado at Tue May 09 03:38:50 2017...
